TN:
SF:src\server.ts
FN:15,(anonymous_1)
FN:35,(anonymous_2)
FN:48,(anonymous_3)
FN:53,(anonymous_4)
FNF:4
FNH:3
FNDA:1,(anonymous_1)
FNDA:0,(anonymous_2)
FNDA:1,(anonymous_3)
FNDA:1,(anonymous_4)
DA:1,1
DA:2,1
DA:3,1
DA:4,1
DA:5,1
DA:6,1
DA:7,1
DA:10,1
DA:15,1
DA:16,1
DA:17,1
DA:18,1
DA:21,1
DA:22,1
DA:24,1
DA:25,1
DA:26,1
DA:27,1
DA:28,1
DA:31,1
DA:32,1
DA:33,1
DA:35,1
DA:36,0
DA:39,1
DA:40,1
DA:41,1
DA:42,1
DA:44,1
DA:45,1
DA:46,1
DA:47,1
DA:48,1
DA:49,1
DA:53,1
DA:54,1
LF:36
LH:35
BRDA:48,0,0,1
BRDA:48,0,1,0
BRDA:49,1,0,1
BRDA:49,1,1,0
BRDA:53,2,0,1
BRDA:53,2,1,1
BRF:6
BRH:4
end_of_record
TN:
SF:src\config\config.ts
FNF:0
FNH:0
DA:2,1
DA:4,1
DA:6,1
DA:7,1
DA:9,1
DA:10,1
DA:12,1
LF:7
LH:7
BRDA:9,0,0,1
BRDA:9,0,1,0
BRDA:10,1,0,1
BRDA:10,1,1,0
BRF:4
BRH:2
end_of_record
TN:
SF:src\config\logging.ts
FN:36,getCallingFunction
FN:56,log
FN:60,info
FN:75,warn
FN:90,error
FNF:5
FNH:1
FNDA:0,getCallingFunction
FNDA:0,log
FNDA:16,info
FNDA:0,warn
FNDA:0,error
DA:1,1
DA:3,1
DA:36,1
DA:37,0
DA:38,0
DA:40,0
DA:42,0
DA:43,0
DA:44,0
DA:46,0
DA:48,0
DA:50,0
DA:52,0
DA:56,1
DA:57,0
DA:60,1
DA:61,16
DA:62,0
DA:75,1
DA:76,0
DA:77,0
DA:90,1
DA:91,0
DA:92,0
DA:105,1
DA:127,1
DA:129,1
LF:27
LH:11
BRDA:40,0,0,0
BRDA:46,1,0,0
BRDA:48,2,0,0
BRDA:57,3,0,0
BRDA:61,4,0,0
BRDA:76,5,0,0
BRDA:91,6,0,0
BRF:7
BRH:0
end_of_record
TN:
SF:src\middleware\corsHandler.ts
FN:3,corsHandler
FNF:1
FNH:1
FNDA:1,corsHandler
DA:3,1
DA:4,1
DA:5,1
DA:6,1
DA:8,1
DA:9,1
DA:10,1
DA:11,1
DA:14,0
DA:15,0
LF:10
LH:8
BRDA:4,0,0,1
BRDA:4,0,1,1
BRDA:8,1,0,1
BRF:3
BRH:3
end_of_record
TN:
SF:src\middleware\loggingHandler.ts
FN:4,loggingHandler
FN:7,(anonymous_1)
FNF:2
FNH:0
FNDA:0,loggingHandler
FNDA:0,(anonymous_1)
DA:4,1
DA:5,0
DA:7,0
DA:8,0
DA:11,0
LF:5
LH:1
BRF:0
BRH:0
end_of_record
TN:
SF:src\middleware\routeNotFound.ts
FN:4,routeNotFound
FNF:1
FNH:0
FNDA:0,routeNotFound
DA:4,1
DA:5,0
DA:7,0
DA:8,0
LF:4
LH:1
BRF:0
BRH:0
end_of_record
